19:13:58.215 [ApplicationImpl pooled thread 795] INFO  c.b.l.BrowserStackRunExtension - maven
19:13:58.215 [ApplicationImpl pooled thread 795] INFO  com.browserstack.utils.Helpers - null
19:35:11.664 [ApplicationImpl pooled thread 826] INFO  c.b.l.BrowserStackRunExtension - application
19:35:11.664 [ApplicationImpl pooled thread 826] INFO  com.browserstack.utils.Helpers - null
19:35:45.489 [ApplicationImpl pooled thread 824] INFO  c.b.l.BrowserStackRunExtension - application
19:35:45.489 [ApplicationImpl pooled thread 824] INFO  com.browserstack.utils.Helpers - null
19:36:11.048 [ApplicationImpl pooled thread 827] INFO  c.b.l.BrowserStackRunExtension - application
19:36:11.048 [ApplicationImpl pooled thread 827] INFO  com.browserstack.utils.Helpers - null
19:49:44.618 [ApplicationImpl pooled thread 840] INFO  c.b.l.BrowserStackRunExtension - application
19:49:44.619 [ApplicationImpl pooled thread 840] INFO  com.browserstack.utils.Helpers - null
19:59:56.765 [ApplicationImpl pooled thread 848] INFO  c.b.l.BrowserStackRunExtension - application
19:59:56.765 [ApplicationImpl pooled thread 848] INFO  com.browserstack.utils.Helpers - null
21:19:06.257 [ApplicationImpl pooled thread 886] INFO  c.b.l.BrowserStackRunExtension - application
21:19:06.258 [ApplicationImpl pooled thread 886] INFO  com.browserstack.utils.Helpers - null
21:19:36.285 [ApplicationImpl pooled thread 883] INFO  c.b.l.BrowserStackRunExtension - application
21:19:36.285 [ApplicationImpl pooled thread 883] INFO  com.browserstack.utils.Helpers - null
21:20:06.038 [ApplicationImpl pooled thread 885] INFO  c.b.l.BrowserStackRunExtension - application
21:20:06.038 [ApplicationImpl pooled thread 885] INFO  com.browserstack.utils.Helpers - null
21:20:38.808 [ApplicationImpl pooled thread 889] INFO  c.b.l.BrowserStackRunExtension - application
21:20:38.809 [ApplicationImpl pooled thread 889] INFO  com.browserstack.utils.Helpers - null
21:22:14.836 [ApplicationImpl pooled thread 886] INFO  c.b.l.BrowserStackRunExtension - application
21:22:14.836 [ApplicationImpl pooled thread 886] INFO  com.browserstack.utils.Helpers - null
21:25:14.744 [ApplicationImpl pooled thread 890] INFO  c.b.l.BrowserStackRunExtension - application
21:25:14.744 [ApplicationImpl pooled thread 890] INFO  com.browserstack.utils.Helpers - null
00:40:56.253 [ApplicationImpl pooled thread 1007] INFO  c.b.l.BrowserStackRunExtension - application
00:40:56.253 [ApplicationImpl pooled thread 1007] INFO  com.browserstack.utils.Helpers - null
00:42:16.549 [ApplicationImpl pooled thread 1003] INFO  c.b.l.BrowserStackRunExtension - application
00:42:16.549 [ApplicationImpl pooled thread 1003] INFO  com.browserstack.utils.Helpers - null
00:46:09.559 [ApplicationImpl pooled thread 1009] INFO  c.b.l.BrowserStackRunExtension - application
00:46:09.559 [ApplicationImpl pooled thread 1009] INFO  com.browserstack.utils.Helpers - null
00:50:23.895 [ApplicationImpl pooled thread 1016] INFO  c.b.l.BrowserStackRunExtension - application
00:50:23.895 [ApplicationImpl pooled thread 1016] INFO  com.browserstack.utils.Helpers - null
00:56:17.642 [ApplicationImpl pooled thread 1024] INFO  c.b.l.BrowserStackRunExtension - application
00:56:17.642 [ApplicationImpl pooled thread 1024] INFO  com.browserstack.utils.Helpers - null
01:01:32.311 [ApplicationImpl pooled thread 1031] INFO  c.b.l.BrowserStackRunExtension - application
01:01:32.311 [ApplicationImpl pooled thread 1031] INFO  com.browserstack.utils.Helpers - null
01:06:11.692 [ApplicationImpl pooled thread 1035] INFO  c.b.l.BrowserStackRunExtension - application
01:06:11.692 [ApplicationImpl pooled thread 1035] INFO  com.browserstack.utils.Helpers - null
01:11:04.796 [ApplicationImpl pooled thread 1045] INFO  c.b.l.BrowserStackRunExtension - application
01:11:04.796 [ApplicationImpl pooled thread 1045] INFO  com.browserstack.utils.Helpers - null
01:17:52.195 [ApplicationImpl pooled thread 1049] INFO  c.b.l.BrowserStackRunExtension - application
01:17:52.195 [ApplicationImpl pooled thread 1049] INFO  com.browserstack.utils.Helpers - null
01:30:17.846 [ApplicationImpl pooled thread 1055] INFO  c.b.l.BrowserStackRunExtension - application
01:30:17.846 [ApplicationImpl pooled thread 1055] INFO  com.browserstack.utils.Helpers - null
01:30:55.814 [ApplicationImpl pooled thread 1059] INFO  c.b.l.BrowserStackRunExtension - application
01:30:55.814 [ApplicationImpl pooled thread 1059] INFO  com.browserstack.utils.Helpers - null
01:36:29.247 [ApplicationImpl pooled thread 1052] INFO  c.b.l.BrowserStackRunExtension - application
01:36:29.247 [ApplicationImpl pooled thread 1052] INFO  com.browserstack.utils.Helpers - null
01:36:54.911 [ApplicationImpl pooled thread 1052] INFO  c.b.l.BrowserStackRunExtension - application
01:36:54.911 [ApplicationImpl pooled thread 1052] INFO  com.browserstack.utils.Helpers - null
01:41:07.538 [ApplicationImpl pooled thread 1063] INFO  c.b.l.BrowserStackRunExtension - application
01:41:07.539 [ApplicationImpl pooled thread 1063] INFO  com.browserstack.utils.Helpers - null
16:58:11.495 [AWT-EventQueue-0] INFO  c.b.actions.DisableBrowserStack - Setting disable browserstack run update
16:58:11.499 [AWT-EventQueue-0] INFO  c.b.actions.EnableBrowserStack - Setting enable browserstack run update
21:31:09.008 [ApplicationImpl pooled thread 1239] INFO  c.b.l.BrowserStackRunExtension - application
21:31:09.008 [ApplicationImpl pooled thread 1239] INFO  com.browserstack.utils.Helpers - null
21:31:28.048 [ApplicationImpl pooled thread 1244] INFO  c.b.l.BrowserStackRunExtension - application
21:31:28.048 [ApplicationImpl pooled thread 1244] INFO  com.browserstack.utils.Helpers - null
18:54:43.869 [ApplicationImpl pooled thread 16] INFO  c.b.l.BrowserStackRunExtension - application
18:54:43.870 [ApplicationImpl pooled thread 16] INFO  com.browserstack.utils.Helpers - null
20:27:46.195 [ApplicationImpl pooled thread 40] INFO  c.b.l.BrowserStackRunExtension - application
20:27:46.196 [ApplicationImpl pooled thread 40] INFO  com.browserstack.utils.Helpers - null
